<?xml version="1.0" encoding="UTF-8"?>
<testng-results ignored="0" total="1" passed="1" failed="0" skipped="0">
  <reporter-output>
  </reporter-output>
  <suite started-at="2021-07-13T11:47:40Z" name="Default suite" finished-at="2021-07-13T11:47:41Z" duration-ms="1242">
    <groups>
      <group name="cucumber">
        <method signature="AbstractTestNGCucumberTests.runScenario(cucumber.api.testng.PickleEventWrapper, cucumber.api.testng.CucumberFeatureWrapper)[pri:0, instance:com.winConnect.test.RunSingleSuite@1fb669c3]" name="runScenario" class="cucumber.api.testng.AbstractTestNGCucumberTests"/>
      </group> <!-- cucumber -->
    </groups>
    <test started-at="2021-07-13T11:47:40Z" name="Default test" finished-at="2021-07-13T11:47:41Z" duration-ms="1242">
      <class name="com.winConnect.test.RunSingleSuite">
        <test-method is-config="true" signature="setUpClass()[pri:0, instance:com.winConnect.test.RunSingleSuite@1fb669c3]" started-at="2021-07-13T11:47:40Z" name="setUpClass" finished-at="2021-07-13T11:47:40Z" duration-ms="97" status="PASS">
          <reporter-output>
          </reporter-output>
        </test-method> <!-- setUpClass -->
        <test-method signature="runScenario(cucumber.api.testng.PickleEventWrapper, cucumber.api.testng.CucumberFeatureWrapper)[pri:0, instance:com.winConnect.test.RunSingleSuite@1fb669c3]" started-at="2021-07-13T11:47:40Z" name="runScenario" description="Runs Cucumber Scenarios" data-provider="scenarios" finished-at="2021-07-13T11:47:41Z" duration-ms="1069" status="PASS">
          <params>
            <param index="0">
              <value>
                <![CDATA["Signin to account"]]>
              </value>
            </param>
            <param index="1">
              <value>
                <![CDATA["Sample Api tests to demonstrate CRUD operation"]]>
              </value>
            </param>
          </params>
          <reporter-output>
          </reporter-output>
        </test-method> <!-- runScenario -->
        <test-method is-config="true" signature="tearDownClass()[pri:0, instance:com.winConnect.test.RunSingleSuite@1fb669c3]" started-at="2021-07-13T11:47:41Z" name="tearDownClass" finished-at="2021-07-13T11:47:41Z" duration-ms="19" status="PASS">
          <reporter-output>
          </reporter-output>
        </test-method> <!-- tearDownClass -->
      </class> <!-- com.winConnect.test.RunSingleSuite -->
    </test> <!-- Default test -->
  </suite> <!-- Default suite -->
</testng-results>
